09 Aug 2024 14:13:24	ChangeVector	applyChange	None	Change old values don't match: 'something else' - ' ' : [('value', 'Constant'), ('value', 'Constant'), ('value', 'Constant'), ('value', 'Constant'), ('value', 'Constant'), ('right', 'Binary Operation'), ('value', 'AugAssign'), 0, ('body', 'If'), 0, ('body', 'For'), 2, ('body', 'Function Definition'), 1, ('body', 'Module')]
global_variable0 = 
def to_pig_latin_function0(to_pig_latin_param0):
    to_pig_latin_variable0 = to_pig_latin_param0.split()
    to_pig_latin_variable1 = 
    for to_pig_latin_variable2 in to_pig_latin_variable0:
        if (to_pig_latin_variable2[] in global_variable0):
            to_pig_latin_variable1 += ((to_pig_latin_variable2 + ) + )
        else:
            to_pig_latin_variable3 = 
            for to_pig_latin_variable4 in to_pig_latin_variable2:
                if (to_pig_latin_variable4 in global_variable0):
                    break
                else:
                    to_pig_latin_variable5 = (to_pig_latin_variable3 + )
                    continue
            to_pig_latin_variable1 += ((((to_pig_latin_variable2[to_pig_latin_variable3:] + ) + to_pig_latin_variable2[:to_pig_latin_variable3]) + ) + )
    return to_pig_latin_variable1
def to_english_function1(to_english_param0):
    to_english_variable0 = to_english_param0.split()
    to_english_variable1 = 
    for to_english_variable2 in to_english_variable0:
        if (to_english_variable2[(len(to_english_variable2) - ):] == ):
            to_english_variable1 += (to_english_variable2[:(len(to_english_variable2) - )] + )
        else:
            to_english_variable3 = to_english_variable2[:(len(to_english_variable2) - )]
            to_english_variable4 = reverseConst(to_english_variable3)
            to_english_variable4 = to_english_variable4[:(len(to_english_variable4) - )]
            to_english_variable1 = ((to_english_variable1 + to_english_variable4) + )
    return to_english_variable1
def reverseConst_function2(reverseConst_param0):
    reverseConst_variable0 = 
    while reverseConst_variable0:
        reverseConst_variable1 = reverseConst_param0[:(len(reverseConst_param0) - )]
        reverseConst_variable2 = reverseConst_param0[(len(reverseConst_param0) - ):]
        if (reverseConst_variable2 not in global_variable0):
            reverseConst_param0 = (reverseConst_variable2 + reverseConst_variable1)
        else:
            reverseConst_variable0 = 
    return reverseConst_param0

