19 Jun 2024 17:04:54	display	printFunction	Not AST: <class 'State.IntermediateState'>,<State.IntermediateState object at 0x0000029C64133AD0>
19 Jun 2024 17:07:15	ChangeVector	applyChange	None	Change old values don't match: '1,2,3' - '1,2' : [('value', 'Constant'), 0, ('elts', 'Set'), ('value', 'Assign'), 0, ('body', 'Function Definition'), 0, ('body', 'Module')]
def isWeekend(day, ):
    items = {1,2}
    return bool(((day == sunday) or (day == saturday)))

19 Jun 2024 17:07:15	ChangeVector	applyChange	None	Change old values don't match: 'Saturday' - 'saturday' : [('value', 'Constant'), 0, ('comparators', 'Compare'), 1, ('values', 'Boolean Operation'), 0, ('args', 'Call'), ('value', 'Return'), 1, ('body', 'Function Definition'), 0, ('body', 'Module')]
def isWeekend():
    items = {1,2}
    return bool(((day == sunday) or (day == saturday)))

19 Jun 2024 17:07:27	ChangeVector	applyChange	None	Change old values don't match: '1,2,3' - '1,2' : [('value', 'Constant'), 0, ('elts', 'Set'), ('value', 'Assign'), 0, ('body', 'Function Definition'), 0, ('body', 'Module')]
def isWeekend(day, ):
    items = {1,2}
    return bool(((day == sunday) or (day == saturday)))

19 Jun 2024 17:07:27	ChangeVector	applyChange	None	Change old values don't match: 'Saturday' - 'saturday' : [('value', 'Constant'), 0, ('comparators', 'Compare'), 1, ('values', 'Boolean Operation'), 0, ('args', 'Call'), ('value', 'Return'), 1, ('body', 'Function Definition'), 0, ('body', 'Module')]
def isWeekend():
    items = {1,2}
    return bool(((day == sunday) or (day == saturday)))

19 Jun 2024 17:07:37	ChangeVector	applyChange	None	Change old values don't match: '1,2,3' - '1,2' : [('value', 'Constant'), 0, ('elts', 'Set'), ('value', 'Assign'), 0, ('body', 'Function Definition'), 0, ('body', 'Module')]
def isWeekend(day, ):
    items = {1,2}
    return bool(((day == sunday) or (day == saturday)))

19 Jun 2024 17:07:37	ChangeVector	applyChange	None	Change old values don't match: 'Saturday' - 'saturday' : [('value', 'Constant'), 0, ('comparators', 'Compare'), 1, ('values', 'Boolean Operation'), 0, ('args', 'Call'), ('value', 'Return'), 1, ('body', 'Function Definition'), 0, ('body', 'Module')]
def isWeekend():
    items = {1,2}
    return bool(((day == sunday) or (day == saturday)))

